<?xml version="1.0" encoding="UTF-8"?>
<!-- Generated by org.testng.reporters.JUnitReportReporter -->
<testsuite skipped="0" hostname="BlrIS-AmbhrajY" name="com.go.testcases.PurchasingItem" tests="1" failures="0" timestamp="31 Jul 2019 11:37:00 GMT" time="33.825" errors="0">
  <testcase name="openBrowser" time="33.825" classname="com.go.testcases.PurchasingItem"/>
</testsuite> <!-- com.go.testcases.PurchasingItem -->
