<?xml version="1.0" encoding="UTF-8"?>
<!-- Generated by org.testng.reporters.JUnitReportReporter -->
<testsuite skipped="0" hostname="BlrIS-AmbhrajY" name="com.go.testcases.PurchasingItemTest" tests="2" failures="0" timestamp="02 Aug 2019 06:59:46 GMT" time="77.396" errors="0">
  <testcase name="purchasingPillowWithCorrectPaymentMethod" time="45.294" classname="com.go.testcases.PurchasingItemTest"/>
  <testcase name="purchasingPillowWithIncorrectPaymentMethod" time="32.102" classname="com.go.testcases.PurchasingItemTest"/>
</testsuite> <!-- com.go.testcases.PurchasingItemTest -->
